<?xml version="1.0" encoding="UTF-8"?>
<testsuite xmlns:xsi="http://www.w3.org/2001/XMLSchema-instance" xsi:noNamespaceSchemaLocation="https://maven.apache.org/surefire/maven-surefire-plugin/xsd/surefire-test-report-3.0.xsd" version="3.0" name="com.rvlt.ecommerce.EcommerceApplicationTests" time="21.523" tests="1" errors="0" skipped="0" failures="0">
  <properties>
    <property name="java.specification.version" value="17"/>
    <property name="sun.jnu.encoding" value="UTF-8"/>
    <property name="java.class.path" value="/Users/nguyencanhminh/Downloads/code/rvlt/ecommerce/target/test-classes:/Users/nguyencanhminh/Downloads/code/rvlt/ecommerce/target/classes:/Users/nguyencanhminh/.m2/repository/org/springframework/boot/spring-boot-starter-data-jpa/3.3.1/spring-boot-starter-data-jpa-3.3.1.jar:/Users/nguyencanhminh/.m2/repository/org/springframework/boot/spring-boot-starter-aop/3.3.1/spring-boot-starter-aop-3.3.1.jar:/Users/nguyencanhminh/.m2/repository/org/springframework/spring-aop/6.1.10/spring-aop-6.1.10.jar:/Users/nguyencanhminh/.m2/repository/org/aspectj/aspectjweaver/1.9.22/aspectjweaver-1.9.22.jar:/Users/nguyencanhminh/.m2/repository/org/springframework/boot/spring-boot-starter-jdbc/3.3.1/spring-boot-starter-jdbc-3.3.1.jar:/Users/nguyencanhminh/.m2/repository/com/zaxxer/HikariCP/5.1.0/HikariCP-5.1.0.jar:/Users/nguyencanhminh/.m2/repository/org/springframework/spring-jdbc/6.1.10/spring-jdbc-6.1.10.jar:/Users/nguyencanhminh/.m2/repository/org/hibernate/orm/hibernate-core/6.5.2.Final/hibernate-core-6.5.2.Final.jar:/Users/nguyencanhminh/.m2/repository/org/springframework/data/spring-data-jpa/3.3.1/spring-data-jpa-3.3.1.jar:/Users/nguyencanhminh/.m2/repository/org/springframework/data/spring-data-commons/3.3.1/spring-data-commons-3.3.1.jar:/Users/nguyencanhminh/.m2/repository/org/springframework/spring-orm/6.1.10/spring-orm-6.1.10.jar:/Users/nguyencanhminh/.m2/repository/org/springframework/spring-context/6.1.10/spring-context-6.1.10.jar:/Users/nguyencanhminh/.m2/repository/org/springframework/spring-tx/6.1.10/spring-tx-6.1.10.jar:/Users/nguyencanhminh/.m2/repository/org/springframework/spring-beans/6.1.10/spring-beans-6.1.10.jar:/Users/nguyencanhminh/.m2/repository/jakarta/annotation/jakarta.annotation-api/2.1.1/jakarta.annotation-api-2.1.1.jar:/Users/nguyencanhminh/.m2/repository/org/springframework/spring-aspects/6.1.10/spring-aspects-6.1.10.jar:/Users/nguyencanhminh/.m2/repository/org/springframework/boot/spring-boot-starter-web/3.3.1/spring-boot-starter-web-3.3.1.jar:/Users/nguyencanhminh/.m2/repository/org/springframework/boot/spring-boot-starter/3.3.1/spring-boot-starter-3.3.1.jar:/Users/nguyencanhminh/.m2/repository/org/springframework/boot/spring-boot/3.3.1/spring-boot-3.3.1.jar:/Users/nguyencanhminh/.m2/repository/org/springframework/boot/spring-boot-autoconfigure/3.3.1/spring-boot-autoconfigure-3.3.1.jar:/Users/nguyencanhminh/.m2/repository/org/springframework/boot/spring-boot-starter-logging/3.3.1/spring-boot-starter-logging-3.3.1.jar:/Users/nguyencanhminh/.m2/repository/ch/qos/logback/logback-classic/1.5.6/logback-classic-1.5.6.jar:/Users/nguyencanhminh/.m2/repository/ch/qos/logback/logback-core/1.5.6/logback-core-1.5.6.jar:/Users/nguyencanhminh/.m2/repository/org/apache/logging/log4j/log4j-to-slf4j/2.23.1/log4j-to-slf4j-2.23.1.jar:/Users/nguyencanhminh/.m2/repository/org/slf4j/jul-to-slf4j/2.0.13/jul-to-slf4j-2.0.13.jar:/Users/nguyencanhminh/.m2/repository/org/yaml/snakeyaml/2.2/snakeyaml-2.2.jar:/Users/nguyencanhminh/.m2/repository/org/springframework/boot/spring-boot-starter-json/3.3.1/spring-boot-starter-json-3.3.1.jar:/Users/nguyencanhminh/.m2/repository/com/fasterxml/jackson/core/jackson-databind/2.17.1/jackson-databind-2.17.1.jar:/Users/nguyencanhminh/.m2/repository/com/fasterxml/jackson/core/jackson-annotations/2.17.1/jackson-annotations-2.17.1.jar:/Users/nguyencanhminh/.m2/repository/com/fasterxml/jackson/core/jackson-core/2.17.1/jackson-core-2.17.1.jar:/Users/nguyencanhminh/.m2/repository/com/fasterxml/jackson/datatype/jackson-datatype-jdk8/2.17.1/jackson-datatype-jdk8-2.17.1.jar:/Users/nguyencanhminh/.m2/repository/com/fasterxml/jackson/datatype/jackson-datatype-jsr310/2.17.1/jackson-datatype-jsr310-2.17.1.jar:/Users/nguyencanhminh/.m2/repository/com/fasterxml/jackson/module/jackson-module-parameter-names/2.17.1/jackson-module-parameter-names-2.17.1.jar:/Users/nguyencanhminh/.m2/repository/org/springframework/boot/spring-boot-starter-tomcat/3.3.1/spring-boot-starter-tomcat-3.3.1.jar:/Users/nguyencanhminh/.m2/repository/org/apache/tomcat/embed/tomcat-embed-core/10.1.25/tomcat-embed-core-10.1.25.jar:/Users/nguyencanhminh/.m2/repository/org/apache/tomcat/embed/tomcat-embed-el/10.1.25/tomcat-embed-el-10.1.25.jar:/Users/nguyencanhminh/.m2/repository/org/apache/tomcat/embed/tomcat-embed-websocket/10.1.25/tomcat-embed-websocket-10.1.25.jar:/Users/nguyencanhminh/.m2/repository/org/springframework/spring-web/6.1.10/spring-web-6.1.10.jar:/Users/nguyencanhminh/.m2/repository/org/springframework/spring-webmvc/6.1.10/spring-webmvc-6.1.10.jar:/Users/nguyencanhminh/.m2/repository/org/springframework/spring-expression/6.1.10/spring-expression-6.1.10.jar:/Users/nguyencanhminh/.m2/repository/org/postgresql/postgresql/42.7.3/postgresql-42.7.3.jar:/Users/nguyencanhminh/.m2/repository/org/checkerframework/checker-qual/3.42.0/checker-qual-3.42.0.jar:/Users/nguyencanhminh/.m2/repository/org/projectlombok/lombok/1.18.32/lombok-1.18.32.jar:/Users/nguyencanhminh/.m2/repository/org/springframework/boot/spring-boot-starter-test/3.3.1/spring-boot-starter-test-3.3.1.jar:/Users/nguyencanhminh/.m2/repository/org/springframework/boot/spring-boot-test/3.3.1/spring-boot-test-3.3.1.jar:/Users/nguyencanhminh/.m2/repository/org/springframework/boot/spring-boot-test-autoconfigure/3.3.1/spring-boot-test-autoconfigure-3.3.1.jar:/Users/nguyencanhminh/.m2/repository/com/jayway/jsonpath/json-path/2.9.0/json-path-2.9.0.jar:/Users/nguyencanhminh/.m2/repository/jakarta/xml/bind/jakarta.xml.bind-api/4.0.2/jakarta.xml.bind-api-4.0.2.jar:/Users/nguyencanhminh/.m2/repository/jakarta/activation/jakarta.activation-api/2.1.3/jakarta.activation-api-2.1.3.jar:/Users/nguyencanhminh/.m2/repository/net/minidev/json-smart/2.5.1/json-smart-2.5.1.jar:/Users/nguyencanhminh/.m2/repository/net/minidev/accessors-smart/2.5.1/accessors-smart-2.5.1.jar:/Users/nguyencanhminh/.m2/repository/org/ow2/asm/asm/9.6/asm-9.6.jar:/Users/nguyencanhminh/.m2/repository/org/assertj/assertj-core/3.25.3/assertj-core-3.25.3.jar:/Users/nguyencanhminh/.m2/repository/org/awaitility/awaitility/4.2.1/awaitility-4.2.1.jar:/Users/nguyencanhminh/.m2/repository/org/hamcrest/hamcrest/2.2/hamcrest-2.2.jar:/Users/nguyencanhminh/.m2/repository/org/junit/jupiter/junit-jupiter/5.10.2/junit-jupiter-5.10.2.jar:/Users/nguyencanhminh/.m2/repository/org/junit/jupiter/junit-jupiter-api/5.10.2/junit-jupiter-api-5.10.2.jar:/Users/nguyencanhminh/.m2/repository/org/opentest4j/opentest4j/1.3.0/opentest4j-1.3.0.jar:/Users/nguyencanhminh/.m2/repository/org/junit/platform/junit-platform-commons/1.10.2/junit-platform-commons-1.10.2.jar:/Users/nguyencanhminh/.m2/repository/org/apiguardian/apiguardian-api/1.1.2/apiguardian-api-1.1.2.jar:/Users/nguyencanhminh/.m2/repository/org/junit/jupiter/junit-jupiter-params/5.10.2/junit-jupiter-params-5.10.2.jar:/Users/nguyencanhminh/.m2/repository/org/junit/jupiter/junit-jupiter-engine/5.10.2/junit-jupiter-engine-5.10.2.jar:/Users/nguyencanhminh/.m2/repository/org/junit/platform/junit-platform-engine/1.10.2/junit-platform-engine-1.10.2.jar:/Users/nguyencanhminh/.m2/repository/org/mockito/mockito-core/5.11.0/mockito-core-5.11.0.jar:/Users/nguyencanhminh/.m2/repository/net/bytebuddy/byte-buddy-agent/1.14.17/byte-buddy-agent-1.14.17.jar:/Users/nguyencanhminh/.m2/repository/org/objenesis/objenesis/3.3/objenesis-3.3.jar:/Users/nguyencanhminh/.m2/repository/org/mockito/mockito-junit-jupiter/5.11.0/mockito-junit-jupiter-5.11.0.jar:/Users/nguyencanhminh/.m2/repository/org/skyscreamer/jsonassert/1.5.1/jsonassert-1.5.1.jar:/Users/nguyencanhminh/.m2/repository/com/vaadin/external/google/android-json/0.0.20131108.vaadin1/android-json-0.0.20131108.vaadin1.jar:/Users/nguyencanhminh/.m2/repository/org/springframework/spring-core/6.1.10/spring-core-6.1.10.jar:/Users/nguyencanhminh/.m2/repository/org/springframework/spring-jcl/6.1.10/spring-jcl-6.1.10.jar:/Users/nguyencanhminh/.m2/repository/org/springframework/spring-test/6.1.10/spring-test-6.1.10.jar:/Users/nguyencanhminh/.m2/repository/org/xmlunit/xmlunit-core/2.9.1/xmlunit-core-2.9.1.jar:/Users/nguyencanhminh/.m2/repository/org/springframework/boot/spring-boot-starter-data-jdbc/3.3.1/spring-boot-starter-data-jdbc-3.3.1.jar:/Users/nguyencanhminh/.m2/repository/org/springframework/data/spring-data-jdbc/3.3.1/spring-data-jdbc-3.3.1.jar:/Users/nguyencanhminh/.m2/repository/org/springframework/data/spring-data-relational/3.3.1/spring-data-relational-3.3.1.jar:/Users/nguyencanhminh/.m2/repository/org/hibernate/validator/hibernate-validator/8.0.0.Final/hibernate-validator-8.0.0.Final.jar:/Users/nguyencanhminh/.m2/repository/jakarta/validation/jakarta.validation-api/3.0.2/jakarta.validation-api-3.0.2.jar:/Users/nguyencanhminh/.m2/repository/org/jboss/logging/jboss-logging/3.5.3.Final/jboss-logging-3.5.3.Final.jar:/Users/nguyencanhminh/.m2/repository/com/fasterxml/classmate/1.7.0/classmate-1.7.0.jar:/Users/nguyencanhminh/.m2/repository/jakarta/persistence/jakarta.persistence-api/3.1.0/jakarta.persistence-api-3.1.0.jar:/Users/nguyencanhminh/.m2/repository/jakarta/transaction/jakarta.transaction-api/2.0.1/jakarta.transaction-api-2.0.1.jar:/Users/nguyencanhminh/.m2/repository/org/hibernate/common/hibernate-commons-annotations/6.0.6.Final/hibernate-commons-annotations-6.0.6.Final.jar:/Users/nguyencanhminh/.m2/repository/io/smallrye/jandex/3.1.2/jandex-3.1.2.jar:/Users/nguyencanhminh/.m2/repository/org/glassfish/jaxb/jaxb-runtime/4.0.5/jaxb-runtime-4.0.5.jar:/Users/nguyencanhminh/.m2/repository/org/glassfish/jaxb/jaxb-core/4.0.5/jaxb-core-4.0.5.jar:/Users/nguyencanhminh/.m2/repository/org/eclipse/angus/angus-activation/2.0.2/angus-activation-2.0.2.jar:/Users/nguyencanhminh/.m2/repository/org/glassfish/jaxb/txw2/4.0.5/txw2-4.0.5.jar:/Users/nguyencanhminh/.m2/repository/com/sun/istack/istack-commons-runtime/4.1.2/istack-commons-runtime-4.1.2.jar:/Users/nguyencanhminh/.m2/repository/jakarta/inject/jakarta.inject-api/2.0.1/jakarta.inject-api-2.0.1.jar:/Users/nguyencanhminh/.m2/repository/org/antlr/antlr4-runtime/4.13.0/antlr4-runtime-4.13.0.jar:/Users/nguyencanhminh/.m2/repository/net/bytebuddy/byte-buddy/1.14.11/byte-buddy-1.14.11.jar:/Users/nguyencanhminh/.m2/repository/org/apache/poi/poi/5.3.0/poi-5.3.0.jar:/Users/nguyencanhminh/.m2/repository/commons-codec/commons-codec/1.16.1/commons-codec-1.16.1.jar:/Users/nguyencanhminh/.m2/repository/org/apache/commons/commons-collections4/4.4/commons-collections4-4.4.jar:/Users/nguyencanhminh/.m2/repository/org/apache/commons/commons-math3/3.6.1/commons-math3-3.6.1.jar:/Users/nguyencanhminh/.m2/repository/commons-io/commons-io/2.16.1/commons-io-2.16.1.jar:/Users/nguyencanhminh/.m2/repository/com/zaxxer/SparseBitSet/1.3/SparseBitSet-1.3.jar:/Users/nguyencanhminh/.m2/repository/org/apache/logging/log4j/log4j-api/2.23.1/log4j-api-2.23.1.jar:/Users/nguyencanhminh/.m2/repository/org/apache/poi/poi-ooxml/5.3.0/poi-ooxml-5.3.0.jar:/Users/nguyencanhminh/.m2/repository/org/apache/poi/poi-ooxml-lite/5.3.0/poi-ooxml-lite-5.3.0.jar:/Users/nguyencanhminh/.m2/repository/org/apache/xmlbeans/xmlbeans/5.2.1/xmlbeans-5.2.1.jar:/Users/nguyencanhminh/.m2/repository/org/apache/commons/commons-compress/1.26.2/commons-compress-1.26.2.jar:/Users/nguyencanhminh/.m2/repository/org/apache/commons/commons-lang3/3.14.0/commons-lang3-3.14.0.jar:/Users/nguyencanhminh/.m2/repository/com/github/virtuald/curvesapi/1.08/curvesapi-1.08.jar:/Users/nguyencanhminh/.m2/repository/org/springframework/boot/spring-boot-starter-actuator/3.3.1/spring-boot-starter-actuator-3.3.1.jar:/Users/nguyencanhminh/.m2/repository/org/springframework/boot/spring-boot-actuator-autoconfigure/3.3.1/spring-boot-actuator-autoconfigure-3.3.1.jar:/Users/nguyencanhminh/.m2/repository/org/springframework/boot/spring-boot-actuator/3.3.1/spring-boot-actuator-3.3.1.jar:/Users/nguyencanhminh/.m2/repository/io/micrometer/micrometer-observation/1.13.1/micrometer-observation-1.13.1.jar:/Users/nguyencanhminh/.m2/repository/io/micrometer/micrometer-commons/1.13.1/micrometer-commons-1.13.1.jar:/Users/nguyencanhminh/.m2/repository/io/micrometer/micrometer-jakarta9/1.13.1/micrometer-jakarta9-1.13.1.jar:/Users/nguyencanhminh/.m2/repository/io/micrometer/micrometer-registry-prometheus/1.13.1/micrometer-registry-prometheus-1.13.1.jar:/Users/nguyencanhminh/.m2/repository/io/micrometer/micrometer-core/1.13.1/micrometer-core-1.13.1.jar:/Users/nguyencanhminh/.m2/repository/org/hdrhistogram/HdrHistogram/2.2.2/HdrHistogram-2.2.2.jar:/Users/nguyencanhminh/.m2/repository/org/latencyutils/LatencyUtils/2.0.3/LatencyUtils-2.0.3.jar:/Users/nguyencanhminh/.m2/repository/io/prometheus/prometheus-metrics-core/1.2.1/prometheus-metrics-core-1.2.1.jar:/Users/nguyencanhminh/.m2/repository/io/prometheus/prometheus-metrics-model/1.2.1/prometheus-metrics-model-1.2.1.jar:/Users/nguyencanhminh/.m2/repository/io/prometheus/prometheus-metrics-config/1.2.1/prometheus-metrics-config-1.2.1.jar:/Users/nguyencanhminh/.m2/repository/io/prometheus/prometheus-metrics-tracer-common/1.2.1/prometheus-metrics-tracer-common-1.2.1.jar:/Users/nguyencanhminh/.m2/repository/io/prometheus/prometheus-metrics-exposition-formats/1.2.1/prometheus-metrics-exposition-formats-1.2.1.jar:/Users/nguyencanhminh/.m2/repository/io/prometheus/prometheus-metrics-shaded-protobuf/1.2.1/prometheus-metrics-shaded-protobuf-1.2.1.jar:/Users/nguyencanhminh/.m2/repository/org/springframework/boot/spring-boot-starter-amqp/3.3.1/spring-boot-starter-amqp-3.3.1.jar:/Users/nguyencanhminh/.m2/repository/org/springframework/spring-messaging/6.1.10/spring-messaging-6.1.10.jar:/Users/nguyencanhminh/.m2/repository/org/springframework/amqp/spring-rabbit/3.1.6/spring-rabbit-3.1.6.jar:/Users/nguyencanhminh/.m2/repository/org/springframework/amqp/spring-amqp/3.1.6/spring-amqp-3.1.6.jar:/Users/nguyencanhminh/.m2/repository/org/springframework/retry/spring-retry/2.0.6/spring-retry-2.0.6.jar:/Users/nguyencanhminh/.m2/repository/org/springframework/amqp/spring-rabbit-test/3.1.6/spring-rabbit-test-3.1.6.jar:/Users/nguyencanhminh/.m2/repository/org/springframework/amqp/spring-rabbit-junit/3.1.6/spring-rabbit-junit-3.1.6.jar:/Users/nguyencanhminh/.m2/repository/org/hamcrest/hamcrest-library/2.2/hamcrest-library-2.2.jar:/Users/nguyencanhminh/.m2/repository/org/hamcrest/hamcrest-core/2.2/hamcrest-core-2.2.jar:/Users/nguyencanhminh/.m2/repository/com/rabbitmq/amqp-client/5.8.0/amqp-client-5.8.0.jar:/Users/nguyencanhminh/.m2/repository/org/slf4j/slf4j-api/2.0.13/slf4j-api-2.0.13.jar:/Users/nguyencanhminh/.m2/repository/org/apache/httpcomponents/httpclient/4.5.13/httpclient-4.5.13.jar:/Users/nguyencanhminh/.m2/repository/org/apache/httpcomponents/httpcore/4.4.16/httpcore-4.4.16.jar:/Users/nguyencanhminh/.m2/repository/commons-logging/commons-logging/1.2/commons-logging-1.2.jar:/Users/nguyencanhminh/.m2/repository/com/google/code/gson/gson/2.10.1/gson-2.10.1.jar:/Users/nguyencanhminh/.m2/repository/org/springdoc/springdoc-openapi-starter-webmvc-ui/2.5.0/springdoc-openapi-starter-webmvc-ui-2.5.0.jar:/Users/nguyencanhminh/.m2/repository/org/springdoc/springdoc-openapi-starter-webmvc-api/2.5.0/springdoc-openapi-starter-webmvc-api-2.5.0.jar:/Users/nguyencanhminh/.m2/repository/org/springdoc/springdoc-openapi-starter-common/2.5.0/springdoc-openapi-starter-common-2.5.0.jar:/Users/nguyencanhminh/.m2/repository/io/swagger/core/v3/swagger-core-jakarta/2.2.21/swagger-core-jakarta-2.2.21.jar:/Users/nguyencanhminh/.m2/repository/io/swagger/core/v3/swagger-annotations-jakarta/2.2.21/swagger-annotations-jakarta-2.2.21.jar:/Users/nguyencanhminh/.m2/repository/io/swagger/core/v3/swagger-models-jakarta/2.2.21/swagger-models-jakarta-2.2.21.jar:/Users/nguyencanhminh/.m2/repository/com/fasterxml/jackson/dataformat/jackson-dataformat-yaml/2.17.1/jackson-dataformat-yaml-2.17.1.jar:/Users/nguyencanhminh/.m2/repository/org/webjars/swagger-ui/5.13.0/swagger-ui-5.13.0.jar:"/>
    <property name="java.vm.vendor" value="Oracle Corporation"/>
    <property name="sun.arch.data.model" value="64"/>
    <property name="java.vendor.url" value="https://java.oracle.com/"/>
    <property name="user.timezone" value="America/Los_Angeles"/>
    <property name="org.jboss.logging.provider" value="slf4j"/>
    <property name="os.name" value="Mac OS X"/>
    <property name="java.vm.specification.version" value="17"/>
    <property name="sun.java.launcher" value="SUN_STANDARD"/>
    <property name="user.country" value="US"/>
    <property name="sun.boot.library.path" value="/Users/nguyencanhminh/Library/Java/JavaVirtualMachines/openjdk-17.0.2/Contents/Home/lib"/>
    <property name="sun.java.command" value="/Users/nguyencanhminh/Downloads/code/rvlt/ecommerce/target/surefire/surefirebooter-20240916165100112_3.jar /Users/nguyencanhminh/Downloads/code/rvlt/ecommerce/target/surefire 2024-09-16T16-50-59_971-jvmRun1 surefire-20240916165100112_1tmp surefire_0-20240916165100112_2tmp"/>
    <property name="http.nonProxyHosts" value="local|*.local|169.254/16|*.169.254/16"/>
    <property name="jdk.debug" value="release"/>
    <property name="surefire.test.class.path" value="/Users/nguyencanhminh/Downloads/code/rvlt/ecommerce/target/test-classes:/Users/nguyencanhminh/Downloads/code/rvlt/ecommerce/target/classes:/Users/nguyencanhminh/.m2/repository/org/springframework/boot/spring-boot-starter-data-jpa/3.3.1/spring-boot-starter-data-jpa-3.3.1.jar:/Users/nguyencanhminh/.m2/repository/org/springframework/boot/spring-boot-starter-aop/3.3.1/spring-boot-starter-aop-3.3.1.jar:/Users/nguyencanhminh/.m2/repository/org/springframework/spring-aop/6.1.10/spring-aop-6.1.10.jar:/Users/nguyencanhminh/.m2/repository/org/aspectj/aspectjweaver/1.9.22/aspectjweaver-1.9.22.jar:/Users/nguyencanhminh/.m2/repository/org/springframework/boot/spring-boot-starter-jdbc/3.3.1/spring-boot-starter-jdbc-3.3.1.jar:/Users/nguyencanhminh/.m2/repository/com/zaxxer/HikariCP/5.1.0/HikariCP-5.1.0.jar:/Users/nguyencanhminh/.m2/repository/org/springframework/spring-jdbc/6.1.10/spring-jdbc-6.1.10.jar:/Users/nguyencanhminh/.m2/repository/org/hibernate/orm/hibernate-core/6.5.2.Final/hibernate-core-6.5.2.Final.jar:/Users/nguyencanhminh/.m2/repository/org/springframework/data/spring-data-jpa/3.3.1/spring-data-jpa-3.3.1.jar:/Users/nguyencanhminh/.m2/repository/org/springframework/data/spring-data-commons/3.3.1/spring-data-commons-3.3.1.jar:/Users/nguyencanhminh/.m2/repository/org/springframework/spring-orm/6.1.10/spring-orm-6.1.10.jar:/Users/nguyencanhminh/.m2/repository/org/springframework/spring-context/6.1.10/spring-context-6.1.10.jar:/Users/nguyencanhminh/.m2/repository/org/springframework/spring-tx/6.1.10/spring-tx-6.1.10.jar:/Users/nguyencanhminh/.m2/repository/org/springframework/spring-beans/6.1.10/spring-beans-6.1.10.jar:/Users/nguyencanhminh/.m2/repository/jakarta/annotation/jakarta.annotation-api/2.1.1/jakarta.annotation-api-2.1.1.jar:/Users/nguyencanhminh/.m2/repository/org/springframework/spring-aspects/6.1.10/spring-aspects-6.1.10.jar:/Users/nguyencanhminh/.m2/repository/org/springframework/boot/spring-boot-starter-web/3.3.1/spring-boot-starter-web-3.3.1.jar:/Users/nguyencanhminh/.m2/repository/org/springframework/boot/spring-boot-starter/3.3.1/spring-boot-starter-3.3.1.jar:/Users/nguyencanhminh/.m2/repository/org/springframework/boot/spring-boot/3.3.1/spring-boot-3.3.1.jar:/Users/nguyencanhminh/.m2/repository/org/springframework/boot/spring-boot-autoconfigure/3.3.1/spring-boot-autoconfigure-3.3.1.jar:/Users/nguyencanhminh/.m2/repository/org/springframework/boot/spring-boot-starter-logging/3.3.1/spring-boot-starter-logging-3.3.1.jar:/Users/nguyencanhminh/.m2/repository/ch/qos/logback/logback-classic/1.5.6/logback-classic-1.5.6.jar:/Users/nguyencanhminh/.m2/repository/ch/qos/logback/logback-core/1.5.6/logback-core-1.5.6.jar:/Users/nguyencanhminh/.m2/repository/org/apache/logging/log4j/log4j-to-slf4j/2.23.1/log4j-to-slf4j-2.23.1.jar:/Users/nguyencanhminh/.m2/repository/org/slf4j/jul-to-slf4j/2.0.13/jul-to-slf4j-2.0.13.jar:/Users/nguyencanhminh/.m2/repository/org/yaml/snakeyaml/2.2/snakeyaml-2.2.jar:/Users/nguyencanhminh/.m2/repository/org/springframework/boot/spring-boot-starter-json/3.3.1/spring-boot-starter-json-3.3.1.jar:/Users/nguyencanhminh/.m2/repository/com/fasterxml/jackson/core/jackson-databind/2.17.1/jackson-databind-2.17.1.jar:/Users/nguyencanhminh/.m2/repository/com/fasterxml/jackson/core/jackson-annotations/2.17.1/jackson-annotations-2.17.1.jar:/Users/nguyencanhminh/.m2/repository/com/fasterxml/jackson/core/jackson-core/2.17.1/jackson-core-2.17.1.jar:/Users/nguyencanhminh/.m2/repository/com/fasterxml/jackson/datatype/jackson-datatype-jdk8/2.17.1/jackson-datatype-jdk8-2.17.1.jar:/Users/nguyencanhminh/.m2/repository/com/fasterxml/jackson/datatype/jackson-datatype-jsr310/2.17.1/jackson-datatype-jsr310-2.17.1.jar:/Users/nguyencanhminh/.m2/repository/com/fasterxml/jackson/module/jackson-module-parameter-names/2.17.1/jackson-module-parameter-names-2.17.1.jar:/Users/nguyencanhminh/.m2/repository/org/springframework/boot/spring-boot-starter-tomcat/3.3.1/spring-boot-starter-tomcat-3.3.1.jar:/Users/nguyencanhminh/.m2/repository/org/apache/tomcat/embed/tomcat-embed-core/10.1.25/tomcat-embed-core-10.1.25.jar:/Users/nguyencanhminh/.m2/repository/org/apache/tomcat/embed/tomcat-embed-el/10.1.25/tomcat-embed-el-10.1.25.jar:/Users/nguyencanhminh/.m2/repository/org/apache/tomcat/embed/tomcat-embed-websocket/10.1.25/tomcat-embed-websocket-10.1.25.jar:/Users/nguyencanhminh/.m2/repository/org/springframework/spring-web/6.1.10/spring-web-6.1.10.jar:/Users/nguyencanhminh/.m2/repository/org/springframework/spring-webmvc/6.1.10/spring-webmvc-6.1.10.jar:/Users/nguyencanhminh/.m2/repository/org/springframework/spring-expression/6.1.10/spring-expression-6.1.10.jar:/Users/nguyencanhminh/.m2/repository/org/postgresql/postgresql/42.7.3/postgresql-42.7.3.jar:/Users/nguyencanhminh/.m2/repository/org/checkerframework/checker-qual/3.42.0/checker-qual-3.42.0.jar:/Users/nguyencanhminh/.m2/repository/org/projectlombok/lombok/1.18.32/lombok-1.18.32.jar:/Users/nguyencanhminh/.m2/repository/org/springframework/boot/spring-boot-starter-test/3.3.1/spring-boot-starter-test-3.3.1.jar:/Users/nguyencanhminh/.m2/repository/org/springframework/boot/spring-boot-test/3.3.1/spring-boot-test-3.3.1.jar:/Users/nguyencanhminh/.m2/repository/org/springframework/boot/spring-boot-test-autoconfigure/3.3.1/spring-boot-test-autoconfigure-3.3.1.jar:/Users/nguyencanhminh/.m2/repository/com/jayway/jsonpath/json-path/2.9.0/json-path-2.9.0.jar:/Users/nguyencanhminh/.m2/repository/jakarta/xml/bind/jakarta.xml.bind-api/4.0.2/jakarta.xml.bind-api-4.0.2.jar:/Users/nguyencanhminh/.m2/repository/jakarta/activation/jakarta.activation-api/2.1.3/jakarta.activation-api-2.1.3.jar:/Users/nguyencanhminh/.m2/repository/net/minidev/json-smart/2.5.1/json-smart-2.5.1.jar:/Users/nguyencanhminh/.m2/repository/net/minidev/accessors-smart/2.5.1/accessors-smart-2.5.1.jar:/Users/nguyencanhminh/.m2/repository/org/ow2/asm/asm/9.6/asm-9.6.jar:/Users/nguyencanhminh/.m2/repository/org/assertj/assertj-core/3.25.3/assertj-core-3.25.3.jar:/Users/nguyencanhminh/.m2/repository/org/awaitility/awaitility/4.2.1/awaitility-4.2.1.jar:/Users/nguyencanhminh/.m2/repository/org/hamcrest/hamcrest/2.2/hamcrest-2.2.jar:/Users/nguyencanhminh/.m2/repository/org/junit/jupiter/junit-jupiter/5.10.2/junit-jupiter-5.10.2.jar:/Users/nguyencanhminh/.m2/repository/org/junit/jupiter/junit-jupiter-api/5.10.2/junit-jupiter-api-5.10.2.jar:/Users/nguyencanhminh/.m2/repository/org/opentest4j/opentest4j/1.3.0/opentest4j-1.3.0.jar:/Users/nguyencanhminh/.m2/repository/org/junit/platform/junit-platform-commons/1.10.2/junit-platform-commons-1.10.2.jar:/Users/nguyencanhminh/.m2/repository/org/apiguardian/apiguardian-api/1.1.2/apiguardian-api-1.1.2.jar:/Users/nguyencanhminh/.m2/repository/org/junit/jupiter/junit-jupiter-params/5.10.2/junit-jupiter-params-5.10.2.jar:/Users/nguyencanhminh/.m2/repository/org/junit/jupiter/junit-jupiter-engine/5.10.2/junit-jupiter-engine-5.10.2.jar:/Users/nguyencanhminh/.m2/repository/org/junit/platform/junit-platform-engine/1.10.2/junit-platform-engine-1.10.2.jar:/Users/nguyencanhminh/.m2/repository/org/mockito/mockito-core/5.11.0/mockito-core-5.11.0.jar:/Users/nguyencanhminh/.m2/repository/net/bytebuddy/byte-buddy-agent/1.14.17/byte-buddy-agent-1.14.17.jar:/Users/nguyencanhminh/.m2/repository/org/objenesis/objenesis/3.3/objenesis-3.3.jar:/Users/nguyencanhminh/.m2/repository/org/mockito/mockito-junit-jupiter/5.11.0/mockito-junit-jupiter-5.11.0.jar:/Users/nguyencanhminh/.m2/repository/org/skyscreamer/jsonassert/1.5.1/jsonassert-1.5.1.jar:/Users/nguyencanhminh/.m2/repository/com/vaadin/external/google/android-json/0.0.20131108.vaadin1/android-json-0.0.20131108.vaadin1.jar:/Users/nguyencanhminh/.m2/repository/org/springframework/spring-core/6.1.10/spring-core-6.1.10.jar:/Users/nguyencanhminh/.m2/repository/org/springframework/spring-jcl/6.1.10/spring-jcl-6.1.10.jar:/Users/nguyencanhminh/.m2/repository/org/springframework/spring-test/6.1.10/spring-test-6.1.10.jar:/Users/nguyencanhminh/.m2/repository/org/xmlunit/xmlunit-core/2.9.1/xmlunit-core-2.9.1.jar:/Users/nguyencanhminh/.m2/repository/org/springframework/boot/spring-boot-starter-data-jdbc/3.3.1/spring-boot-starter-data-jdbc-3.3.1.jar:/Users/nguyencanhminh/.m2/repository/org/springframework/data/spring-data-jdbc/3.3.1/spring-data-jdbc-3.3.1.jar:/Users/nguyencanhminh/.m2/repository/org/springframework/data/spring-data-relational/3.3.1/spring-data-relational-3.3.1.jar:/Users/nguyencanhminh/.m2/repository/org/hibernate/validator/hibernate-validator/8.0.0.Final/hibernate-validator-8.0.0.Final.jar:/Users/nguyencanhminh/.m2/repository/jakarta/validation/jakarta.validation-api/3.0.2/jakarta.validation-api-3.0.2.jar:/Users/nguyencanhminh/.m2/repository/org/jboss/logging/jboss-logging/3.5.3.Final/jboss-logging-3.5.3.Final.jar:/Users/nguyencanhminh/.m2/repository/com/fasterxml/classmate/1.7.0/classmate-1.7.0.jar:/Users/nguyencanhminh/.m2/repository/jakarta/persistence/jakarta.persistence-api/3.1.0/jakarta.persistence-api-3.1.0.jar:/Users/nguyencanhminh/.m2/repository/jakarta/transaction/jakarta.transaction-api/2.0.1/jakarta.transaction-api-2.0.1.jar:/Users/nguyencanhminh/.m2/repository/org/hibernate/common/hibernate-commons-annotations/6.0.6.Final/hibernate-commons-annotations-6.0.6.Final.jar:/Users/nguyencanhminh/.m2/repository/io/smallrye/jandex/3.1.2/jandex-3.1.2.jar:/Users/nguyencanhminh/.m2/repository/org/glassfish/jaxb/jaxb-runtime/4.0.5/jaxb-runtime-4.0.5.jar:/Users/nguyencanhminh/.m2/repository/org/glassfish/jaxb/jaxb-core/4.0.5/jaxb-core-4.0.5.jar:/Users/nguyencanhminh/.m2/repository/org/eclipse/angus/angus-activation/2.0.2/angus-activation-2.0.2.jar:/Users/nguyencanhminh/.m2/repository/org/glassfish/jaxb/txw2/4.0.5/txw2-4.0.5.jar:/Users/nguyencanhminh/.m2/repository/com/sun/istack/istack-commons-runtime/4.1.2/istack-commons-runtime-4.1.2.jar:/Users/nguyencanhminh/.m2/repository/jakarta/inject/jakarta.inject-api/2.0.1/jakarta.inject-api-2.0.1.jar:/Users/nguyencanhminh/.m2/repository/org/antlr/antlr4-runtime/4.13.0/antlr4-runtime-4.13.0.jar:/Users/nguyencanhminh/.m2/repository/net/bytebuddy/byte-buddy/1.14.11/byte-buddy-1.14.11.jar:/Users/nguyencanhminh/.m2/repository/org/apache/poi/poi/5.3.0/poi-5.3.0.jar:/Users/nguyencanhminh/.m2/repository/commons-codec/commons-codec/1.16.1/commons-codec-1.16.1.jar:/Users/nguyencanhminh/.m2/repository/org/apache/commons/commons-collections4/4.4/commons-collections4-4.4.jar:/Users/nguyencanhminh/.m2/repository/org/apache/commons/commons-math3/3.6.1/commons-math3-3.6.1.jar:/Users/nguyencanhminh/.m2/repository/commons-io/commons-io/2.16.1/commons-io-2.16.1.jar:/Users/nguyencanhminh/.m2/repository/com/zaxxer/SparseBitSet/1.3/SparseBitSet-1.3.jar:/Users/nguyencanhminh/.m2/repository/org/apache/logging/log4j/log4j-api/2.23.1/log4j-api-2.23.1.jar:/Users/nguyencanhminh/.m2/repository/org/apache/poi/poi-ooxml/5.3.0/poi-ooxml-5.3.0.jar:/Users/nguyencanhminh/.m2/repository/org/apache/poi/poi-ooxml-lite/5.3.0/poi-ooxml-lite-5.3.0.jar:/Users/nguyencanhminh/.m2/repository/org/apache/xmlbeans/xmlbeans/5.2.1/xmlbeans-5.2.1.jar:/Users/nguyencanhminh/.m2/repository/org/apache/commons/commons-compress/1.26.2/commons-compress-1.26.2.jar:/Users/nguyencanhminh/.m2/repository/org/apache/commons/commons-lang3/3.14.0/commons-lang3-3.14.0.jar:/Users/nguyencanhminh/.m2/repository/com/github/virtuald/curvesapi/1.08/curvesapi-1.08.jar:/Users/nguyencanhminh/.m2/repository/org/springframework/boot/spring-boot-starter-actuator/3.3.1/spring-boot-starter-actuator-3.3.1.jar:/Users/nguyencanhminh/.m2/repository/org/springframework/boot/spring-boot-actuator-autoconfigure/3.3.1/spring-boot-actuator-autoconfigure-3.3.1.jar:/Users/nguyencanhminh/.m2/repository/org/springframework/boot/spring-boot-actuator/3.3.1/spring-boot-actuator-3.3.1.jar:/Users/nguyencanhminh/.m2/repository/io/micrometer/micrometer-observation/1.13.1/micrometer-observation-1.13.1.jar:/Users/nguyencanhminh/.m2/repository/io/micrometer/micrometer-commons/1.13.1/micrometer-commons-1.13.1.jar:/Users/nguyencanhminh/.m2/repository/io/micrometer/micrometer-jakarta9/1.13.1/micrometer-jakarta9-1.13.1.jar:/Users/nguyencanhminh/.m2/repository/io/micrometer/micrometer-registry-prometheus/1.13.1/micrometer-registry-prometheus-1.13.1.jar:/Users/nguyencanhminh/.m2/repository/io/micrometer/micrometer-core/1.13.1/micrometer-core-1.13.1.jar:/Users/nguyencanhminh/.m2/repository/org/hdrhistogram/HdrHistogram/2.2.2/HdrHistogram-2.2.2.jar:/Users/nguyencanhminh/.m2/repository/org/latencyutils/LatencyUtils/2.0.3/LatencyUtils-2.0.3.jar:/Users/nguyencanhminh/.m2/repository/io/prometheus/prometheus-metrics-core/1.2.1/prometheus-metrics-core-1.2.1.jar:/Users/nguyencanhminh/.m2/repository/io/prometheus/prometheus-metrics-model/1.2.1/prometheus-metrics-model-1.2.1.jar:/Users/nguyencanhminh/.m2/repository/io/prometheus/prometheus-metrics-config/1.2.1/prometheus-metrics-config-1.2.1.jar:/Users/nguyencanhminh/.m2/repository/io/prometheus/prometheus-metrics-tracer-common/1.2.1/prometheus-metrics-tracer-common-1.2.1.jar:/Users/nguyencanhminh/.m2/repository/io/prometheus/prometheus-metrics-exposition-formats/1.2.1/prometheus-metrics-exposition-formats-1.2.1.jar:/Users/nguyencanhminh/.m2/repository/io/prometheus/prometheus-metrics-shaded-protobuf/1.2.1/prometheus-metrics-shaded-protobuf-1.2.1.jar:/Users/nguyencanhminh/.m2/repository/org/springframework/boot/spring-boot-starter-amqp/3.3.1/spring-boot-starter-amqp-3.3.1.jar:/Users/nguyencanhminh/.m2/repository/org/springframework/spring-messaging/6.1.10/spring-messaging-6.1.10.jar:/Users/nguyencanhminh/.m2/repository/org/springframework/amqp/spring-rabbit/3.1.6/spring-rabbit-3.1.6.jar:/Users/nguyencanhminh/.m2/repository/org/springframework/amqp/spring-amqp/3.1.6/spring-amqp-3.1.6.jar:/Users/nguyencanhminh/.m2/repository/org/springframework/retry/spring-retry/2.0.6/spring-retry-2.0.6.jar:/Users/nguyencanhminh/.m2/repository/org/springframework/amqp/spring-rabbit-test/3.1.6/spring-rabbit-test-3.1.6.jar:/Users/nguyencanhminh/.m2/repository/org/springframework/amqp/spring-rabbit-junit/3.1.6/spring-rabbit-junit-3.1.6.jar:/Users/nguyencanhminh/.m2/repository/org/hamcrest/hamcrest-library/2.2/hamcrest-library-2.2.jar:/Users/nguyencanhminh/.m2/repository/org/hamcrest/hamcrest-core/2.2/hamcrest-core-2.2.jar:/Users/nguyencanhminh/.m2/repository/com/rabbitmq/amqp-client/5.8.0/amqp-client-5.8.0.jar:/Users/nguyencanhminh/.m2/repository/org/slf4j/slf4j-api/2.0.13/slf4j-api-2.0.13.jar:/Users/nguyencanhminh/.m2/repository/org/apache/httpcomponents/httpclient/4.5.13/httpclient-4.5.13.jar:/Users/nguyencanhminh/.m2/repository/org/apache/httpcomponents/httpcore/4.4.16/httpcore-4.4.16.jar:/Users/nguyencanhminh/.m2/repository/commons-logging/commons-logging/1.2/commons-logging-1.2.jar:/Users/nguyencanhminh/.m2/repository/com/google/code/gson/gson/2.10.1/gson-2.10.1.jar:/Users/nguyencanhminh/.m2/repository/org/springdoc/springdoc-openapi-starter-webmvc-ui/2.5.0/springdoc-openapi-starter-webmvc-ui-2.5.0.jar:/Users/nguyencanhminh/.m2/repository/org/springdoc/springdoc-openapi-starter-webmvc-api/2.5.0/springdoc-openapi-starter-webmvc-api-2.5.0.jar:/Users/nguyencanhminh/.m2/repository/org/springdoc/springdoc-openapi-starter-common/2.5.0/springdoc-openapi-starter-common-2.5.0.jar:/Users/nguyencanhminh/.m2/repository/io/swagger/core/v3/swagger-core-jakarta/2.2.21/swagger-core-jakarta-2.2.21.jar:/Users/nguyencanhminh/.m2/repository/io/swagger/core/v3/swagger-annotations-jakarta/2.2.21/swagger-annotations-jakarta-2.2.21.jar:/Users/nguyencanhminh/.m2/repository/io/swagger/core/v3/swagger-models-jakarta/2.2.21/swagger-models-jakarta-2.2.21.jar:/Users/nguyencanhminh/.m2/repository/com/fasterxml/jackson/dataformat/jackson-dataformat-yaml/2.17.1/jackson-dataformat-yaml-2.17.1.jar:/Users/nguyencanhminh/.m2/repository/org/webjars/swagger-ui/5.13.0/swagger-ui-5.13.0.jar:"/>
    <property name="sun.cpu.endian" value="little"/>
    <property name="user.home" value="/Users/nguyencanhminh"/>
    <property name="user.language" value="en"/>
    <property name="java.specification.vendor" value="Oracle Corporation"/>
    <property name="java.version.date" value="2022-01-18"/>
    <property name="java.home" value="/Users/nguyencanhminh/Library/Java/JavaVirtualMachines/openjdk-17.0.2/Contents/Home"/>
    <property name="file.separator" value="/"/>
    <property name="basedir" value="/Users/nguyencanhminh/Downloads/code/rvlt/ecommerce"/>
    <property name="java.vm.compressedOopsMode" value="Zero based"/>
    <property name="line.separator" value="&#10;"/>
    <property name="java.vm.specification.vendor" value="Oracle Corporation"/>
    <property name="java.specification.name" value="Java Platform API Specification"/>
    <property name="FILE_LOG_CHARSET" value="UTF-8"/>
    <property name="java.awt.headless" value="true"/>
    <property name="surefire.real.class.path" value="/Users/nguyencanhminh/Downloads/code/rvlt/ecommerce/target/surefire/surefirebooter-20240916165100112_3.jar"/>
    <property name="sun.management.compiler" value="HotSpot 64-Bit Tiered Compilers"/>
    <property name="ftp.nonProxyHosts" value="local|*.local|169.254/16|*.169.254/16"/>
    <property name="java.runtime.version" value="17.0.2+8-86"/>
    <property name="user.name" value="nguyencanhminh"/>
    <property name="path.separator" value=":"/>
    <property name="os.version" value="13.5.1"/>
    <property name="java.runtime.name" value="OpenJDK Runtime Environment"/>
    <property name="file.encoding" value="UTF-8"/>
    <property name="java.vm.name" value="OpenJDK 64-Bit Server VM"/>
    <property name="localRepository" value="/Users/nguyencanhminh/.m2/repository"/>
    <property name="java.vendor.url.bug" value="https://bugreport.java.com/bugreport/"/>
    <property name="java.io.tmpdir" value="/var/folders/cw/6gkw3_r17kjdfs1n3_flc0700000gp/T/"/>
    <property name="idea.version" value="2024.1.4"/>
    <property name="com.zaxxer.hikari.pool_number" value="1"/>
    <property name="java.version" value="17.0.2"/>
    <property name="user.dir" value="/Users/nguyencanhminh/Downloads/code/rvlt/ecommerce"/>
    <property name="os.arch" value="x86_64"/>
    <property name="java.vm.specification.name" value="Java Virtual Machine Specification"/>
    <property name="PID" value="16910"/>
    <property name="CONSOLE_LOG_CHARSET" value="UTF-8"/>
    <property name="native.encoding" value="UTF-8"/>
    <property name="java.library.path" value="/Users/nguyencanhminh/Library/Java/Extensions:/Library/Java/Extensions:/Network/Library/Java/Extensions:/System/Library/Java/Extensions:/usr/lib/java:."/>
    <property name="java.vm.info" value="mixed mode, sharing"/>
    <property name="java.vendor" value="Oracle Corporation"/>
    <property name="java.vm.version" value="17.0.2+8-86"/>
    <property name="sun.io.unicode.encoding" value="UnicodeBig"/>
    <property name="socksNonProxyHosts" value="local|*.local|169.254/16|*.169.254/16"/>
    <property name="java.class.version" value="61.0"/>
    <property name="LOGGED_APPLICATION_NAME" value="[ecommerce] "/>
  </properties>
  <testcase name="contextLoads" classname="com.rvlt.ecommerce.EcommerceApplicationTests" time="0.711">
    <system-out><![CDATA[16:51:01.288 [main] INFO org.springframework.test.context.support.AnnotationConfigContextLoaderUtils -- Could not detect default configuration classes for test class [com.rvlt.ecommerce.EcommerceApplicationTests]: EcommerceApplicationTests does not declare any static, non-private, non-final, nested classes annotated with @Configuration.
16:51:01.510 [main] INFO org.springframework.boot.test.context.SpringBootTestContextBootstrapper -- Found @SpringBootConfiguration com.rvlt.EcommerceApplication for test class com.rvlt.ecommerce.EcommerceApplicationTests

  .   ____          _            __ _ _
 /\\ / ___'_ __ _ _(_)_ __  __ _ \ \ \ \
( ( )\___ | '_ | '_| | '_ \/ _` | \ \ \ \
 \\/  ___)| |_)| | | | | || (_| |  ) ) ) )
  '  |____| .__|_| |_|_| |_\__, | / / / /
 =========|_|==============|___/=/_/_/_/

 :: Spring Boot ::                (v3.3.1)

2024-09-16T16:51:02.108-07:00  INFO 16910 --- [ecommerce] [           main] c.r.ecommerce.EcommerceApplicationTests  : Starting EcommerceApplicationTests using Java 17.0.2 with PID 16910 (started by nguyencanhminh in /Users/nguyencanhminh/Downloads/code/rvlt/ecommerce)
2024-09-16T16:51:02.109-07:00  INFO 16910 --- [ecommerce] [           main] c.r.ecommerce.EcommerceApplicationTests  : No active profile set, falling back to 1 default profile: "default"
2024-09-16T16:51:04.012-07:00  INFO 16910 --- [ecommerce] [           main] .s.d.r.c.RepositoryConfigurationDelegate : Multiple Spring Data modules found, entering strict repository configuration mode
2024-09-16T16:51:04.013-07:00  INFO 16910 --- [ecommerce] [           main] .s.d.r.c.RepositoryConfigurationDelegate : Bootstrapping Spring Data JPA repositories in DEFAULT mode.
2024-09-16T16:51:04.137-07:00  INFO 16910 --- [ecommerce] [           main] .s.d.r.c.RepositoryConfigurationDelegate : Finished Spring Data repository scanning in 118 ms. Found 11 JPA repository interfaces.
2024-09-16T16:51:04.842-07:00  INFO 16910 --- [ecommerce] [           main] .s.d.r.c.RepositoryConfigurationDelegate : Multiple Spring Data modules found, entering strict repository configuration mode
2024-09-16T16:51:04.843-07:00  INFO 16910 --- [ecommerce] [           main] .s.d.r.c.RepositoryConfigurationDelegate : Bootstrapping Spring Data JDBC repositories in DEFAULT mode.
2024-09-16T16:51:04.891-07:00  INFO 16910 --- [ecommerce] [           main] .RepositoryConfigurationExtensionSupport : Spring Data JDBC - Could not safely identify store assignment for repository candidate interface com.rvlt.blog.repository.BlogRepository; If you want this repository to be a JDBC repository, consider annotating your entities with one of these annotations: org.springframework.data.relational.core.mapping.Table.
2024-09-16T16:51:04.892-07:00  INFO 16910 --- [ecommerce] [           main] .RepositoryConfigurationExtensionSupport : Spring Data JDBC - Could not safely identify store assignment for repository candidate interface com.rvlt.ecommerce.repository.CategoryRepository; If you want this repository to be a JDBC repository, consider annotating your entities with one of these annotations: org.springframework.data.relational.core.mapping.Table.
2024-09-16T16:51:04.892-07:00  INFO 16910 --- [ecommerce] [           main] .RepositoryConfigurationExtensionSupport : Spring Data JDBC - Could not safely identify store assignment for repository candidate interface com.rvlt.ecommerce.repository.InventoryRepository; If you want this repository to be a JDBC repository, consider annotating your entities with one of these annotations: org.springframework.data.relational.core.mapping.Table.
2024-09-16T16:51:04.892-07:00  INFO 16910 --- [ecommerce] [           main] .RepositoryConfigurationExtensionSupport : Spring Data JDBC - Could not safely identify store assignment for repository candidate interface com.rvlt.ecommerce.repository.OrderRepository; If you want this repository to be a JDBC repository, consider annotating your entities with one of these annotations: org.springframework.data.relational.core.mapping.Table.
2024-09-16T16:51:04.892-07:00  INFO 16910 --- [ecommerce] [           main] .RepositoryConfigurationExtensionSupport : Spring Data JDBC - Could not safely identify store assignment for repository candidate interface com.rvlt.ecommerce.repository.ProductCategoryRepository; If you want this repository to be a JDBC repository, consider annotating your entities with one of these annotations: org.springframework.data.relational.core.mapping.Table.
2024-09-16T16:51:04.892-07:00  INFO 16910 --- [ecommerce] [           main] .RepositoryConfigurationExtensionSupport : Spring Data JDBC - Could not safely identify store assignment for repository candidate interface com.rvlt.ecommerce.repository.ProductRepository; If you want this repository to be a JDBC repository, consider annotating your entities with one of these annotations: org.springframework.data.relational.core.mapping.Table.
2024-09-16T16:51:04.893-07:00  INFO 16910 --- [ecommerce] [           main] .RepositoryConfigurationExtensionSupport : Spring Data JDBC - Could not safely identify store assignment for repository candidate interface com.rvlt.ecommerce.repository.ProductViewRepository; If you want this repository to be a JDBC repository, consider annotating your entities with one of these annotations: org.springframework.data.relational.core.mapping.Table.
2024-09-16T16:51:04.893-07:00  INFO 16910 --- [ecommerce] [           main] .RepositoryConfigurationExtensionSupport : Spring Data JDBC - Could not safely identify store assignment for repository candidate interface com.rvlt.ecommerce.repository.SessionProductRepository; If you want this repository to be a JDBC repository, consider annotating your entities with one of these annotations: org.springframework.data.relational.core.mapping.Table.
2024-09-16T16:51:04.893-07:00  INFO 16910 --- [ecommerce] [           main] .RepositoryConfigurationExtensionSupport : Spring Data JDBC - Could not safely identify store assignment for repository candidate interface com.rvlt.ecommerce.repository.SessionRepository; If you want this repository to be a JDBC repository, consider annotating your entities with one of these annotations: org.springframework.data.relational.core.mapping.Table.
2024-09-16T16:51:04.894-07:00  INFO 16910 --- [ecommerce] [           main] .RepositoryConfigurationExtensionSupport : Spring Data JDBC - Could not safely identify store assignment for repository candidate interface com.rvlt.ecommerce.repository.UserRepository; If you want this repository to be a JDBC repository, consider annotating your entities with one of these annotations: org.springframework.data.relational.core.mapping.Table.
2024-09-16T16:51:04.894-07:00  INFO 16910 --- [ecommerce] [           main] .RepositoryConfigurationExtensionSupport : Spring Data JDBC - Could not safely identify store assignment for repository candidate interface com.rvlt.ecommerce.repository.WishlistRepository; If you want this repository to be a JDBC repository, consider annotating your entities with one of these annotations: org.springframework.data.relational.core.mapping.Table.
2024-09-16T16:51:04.894-07:00  INFO 16910 --- [ecommerce] [           main] .s.d.r.c.RepositoryConfigurationDelegate : Finished Spring Data repository scanning in 50 ms. Found 0 JDBC repository interfaces.
2024-09-16T16:51:06.181-07:00  INFO 16910 --- [ecommerce] [           main] o.hibernate.jpa.internal.util.LogHelper  : HHH000204: Processing PersistenceUnitInfo [name: default]
2024-09-16T16:51:06.251-07:00  INFO 16910 --- [ecommerce] [           main] org.hibernate.Version                    : HHH000412: Hibernate ORM core version 6.5.2.Final
2024-09-16T16:51:06.352-07:00  INFO 16910 --- [ecommerce] [           main] o.h.c.internal.RegionFactoryInitiator    : HHH000026: Second-level cache disabled
2024-09-16T16:51:06.711-07:00  INFO 16910 --- [ecommerce] [           main] o.s.o.j.p.SpringPersistenceUnitInfo      : No LoadTimeWeaver setup: ignoring JPA class transformer
2024-09-16T16:51:06.743-07:00  INFO 16910 --- [ecommerce] [           main] com.zaxxer.hikari.HikariDataSource       : HikariPool-1 - Starting...
2024-09-16T16:51:07.999-07:00  INFO 16910 --- [ecommerce] [           main] com.zaxxer.hikari.pool.HikariPool        : HikariPool-1 - Added connection org.postgresql.jdbc.PgConnection@2d8087da
2024-09-16T16:51:08.008-07:00  INFO 16910 --- [ecommerce] [           main] com.zaxxer.hikari.HikariDataSource       : HikariPool-1 - Start completed.
2024-09-16T16:51:08.144-07:00  WARN 16910 --- [ecommerce] [           main] org.hibernate.orm.deprecation            : HHH90000025: PostgreSQLDialect does not need to be specified explicitly using 'hibernate.dialect' (remove the property setting and it will be selected by default)
2024-09-16T16:51:08.974-07:00  WARN 16910 --- [ecommerce] [           main] org.hibernate.mapping.RootClass          : HHH000038: Composite-id class does not override equals(): com.rvlt._common.model.composite.ProductViewKey
2024-09-16T16:51:08.975-07:00  WARN 16910 --- [ecommerce] [           main] org.hibernate.mapping.RootClass          : HHH000039: Composite-id class does not override hashCode(): com.rvlt._common.model.composite.ProductViewKey
2024-09-16T16:51:08.975-07:00  WARN 16910 --- [ecommerce] [           main] org.hibernate.mapping.RootClass          : HHH000038: Composite-id class does not override equals(): com.rvlt._common.model.composite.ProductCategoryKey
2024-09-16T16:51:08.975-07:00  WARN 16910 --- [ecommerce] [           main] org.hibernate.mapping.RootClass          : HHH000039: Composite-id class does not override hashCode(): com.rvlt._common.model.composite.ProductCategoryKey
2024-09-16T16:51:08.976-07:00  WARN 16910 --- [ecommerce] [           main] org.hibernate.mapping.RootClass          : HHH000038: Composite-id class does not override equals(): com.rvlt._common.model.composite.SessionProductKey
2024-09-16T16:51:08.976-07:00  WARN 16910 --- [ecommerce] [           main] org.hibernate.mapping.RootClass          : HHH000039: Composite-id class does not override hashCode(): com.rvlt._common.model.composite.SessionProductKey
2024-09-16T16:51:10.016-07:00  INFO 16910 --- [ecommerce] [           main] o.h.e.t.j.p.i.JtaPlatformInitiator       : HHH000489: No JTA platform available (set 'hibernate.transaction.jta.platform' to enable JTA platform integration)
Hibernate: drop type if exists BlogStatus cascade
2024-09-16T16:51:10.318-07:00  WARN 16910 --- [ecommerce] [           main] o.h.engine.jdbc.spi.SqlExceptionHelper   : SQL Warning Code: 0, SQLState: 00000
2024-09-16T16:51:10.319-07:00  WARN 16910 --- [ecommerce] [           main] o.h.engine.jdbc.spi.SqlExceptionHelper   : drop cascades to 2 other objects
Hibernate: drop type if exists Role cascade
2024-09-16T16:51:10.405-07:00  WARN 16910 --- [ecommerce] [           main] o.h.engine.jdbc.spi.SqlExceptionHelper   : SQL Warning Code: 0, SQLState: 00000
2024-09-16T16:51:10.406-07:00  WARN 16910 --- [ecommerce] [           main] o.h.engine.jdbc.spi.SqlExceptionHelper   : drop cascades to 2 other objects
Hibernate: create type BlogStatus as enum ('ADMIN_PUBLISHED','ADMIN_REJECTED','MOD_APPROVED','MOD_REJECTED','MOD_SEND_BACK','PUBLIC','UNPUBLISHED','WAITING_MOD_APPROVAL')
Hibernate: create cast (varchar as BlogStatus) with inout as implicit
Hibernate: create cast (BlogStatus as varchar) with inout as implicit
Hibernate: create type Role as enum ('rvlt_admin','rvlt_mod','user')
Hibernate: create cast (varchar as Role) with inout as implicit
Hibernate: create cast (Role as varchar) with inout as implicit
2024-09-16T16:51:15.843-07:00  INFO 16910 --- [ecommerce] [           main] j.LocalContainerEntityManagerFactoryBean : Initialized JPA EntityManagerFactory for persistence unit 'default'
2024-09-16T16:51:17.078-07:00  INFO 16910 --- [ecommerce] [           main] o.s.d.j.r.query.QueryEnhancerFactory     : Hibernate is in classpath; If applicable, HQL parser will be used.
2024-09-16T16:51:20.161-07:00  INFO 16910 --- [ecommerce] [           main] o.s.b.a.e.web.EndpointLinksResolver      : Exposing 15 endpoints beneath base path '/actuator'
2024-09-16T16:51:20.385-07:00  INFO 16910 --- [ecommerce] [           main] o.s.a.r.c.CachingConnectionFactory       : Attempting to connect to: moose.rmq.cloudamqp.com:5672
2024-09-16T16:51:20.833-07:00  INFO 16910 --- [ecommerce] [           main] o.s.a.r.c.CachingConnectionFactory       : Created new connection: connectionFactory#2c634c0:0/SimpleConnection@27dc95b9 [delegate=amqp://hgwnfkda@44.223.162.67:5672/hgwnfkda, localPort=64532]
2024-09-16T16:51:21.714-07:00  INFO 16910 --- [ecommerce] [           main] c.r.ecommerce.EcommerceApplicationTests  : Started EcommerceApplicationTests in 20.004 seconds (process running for 21.488)
]]></system-out>
  </testcase>
</testsuite>